<?xml version="1.0" encoding="UTF-8"?>
<!-- Generated by org.testng.reporters.JUnitXMLReporter -->
<testsuite ignored="1" hostname="Dee-PC" failures="0" tests="1" name="KeyPressesTests-CH" time="10.186" errors="0" timestamp="29 Sep 2018 14:34:51 GMT">
  <testcase classname="KeyPressesTests" name="pressKeyWithActionsTest" time="1.315"/>
  <testcase classname="KeyPressesTests" name="pressKeyTest" time="0.0">
    <ignored/>
  </testcase> <!-- pressKeyTest -->
</testsuite> <!-- KeyPressesTests-CH -->
