<?xml version="1.0" encoding="UTF-8"?>
<testng-results ignored="0" total="1" passed="1" failed="0" skipped="0">
  <reporter-output>
  </reporter-output>
  <suite started-at="2022-03-15T09:49:02 EDT" name="Default Suite" finished-at="2022-03-15T09:49:47 EDT" duration-ms="45194">
    <groups>
    </groups>
    <test started-at="2022-03-15T09:49:02 EDT" name="TouchetteAutomation" finished-at="2022-03-15T09:49:47 EDT" duration-ms="45194">
      <class name="com.ondemand.commerce.temporarytests.TemporaryTests">
        <test-method is-config="true" signature="setUp(java.lang.reflect.Method,java.lang.String,java.lang.String,java.lang.String,org.testng.ITestContext)[pri:0, instance:com.ondemand.commerce.temporarytests.TemporaryTests@4fb61f4a]" started-at="2022-03-15T09:49:02 EDT" name="setUp" finished-at="2022-03-15T09:49:08 EDT" duration-ms="5516" status="PASS">
          <params>
            <param index="0">
              <value>
                <![CDATA[public void com.ondemand.commerce.temporarytests.TemporaryTests.temporaryTest() throws java.io.IOException]]>
              </value>
            </param>
            <param index="1">
              <value>
                <![CDATA[chrome]]>
              </value>
            </param>
            <param index="2">
              <value is-null="true"/>
            </param>
            <param index="3">
              <value is-null="true"/>
            </param>
            <param index="4">
              <value>
                <![CDATA[org.testng.TestRunner@bff764c]]>
              </value>
            </param>
          </params>
          <reporter-output>
          </reporter-output>
        </test-method> <!-- setUp -->
        <test-method signature="temporaryTest()[pri:0, instance:com.ondemand.commerce.temporarytests.TemporaryTests@4fb61f4a]" started-at="2022-03-15T09:49:08 EDT" name="temporaryTest" finished-at="2022-03-15T09:49:47 EDT" duration-ms="38752" status="PASS">
          <reporter-output>
          </reporter-output>
        </test-method> <!-- temporaryTest -->
        <test-method is-config="true" signature="tearDown()[pri:0, instance:com.ondemand.commerce.temporarytests.TemporaryTests@4fb61f4a]" started-at="2022-03-15T09:49:47 EDT" name="tearDown" finished-at="2022-03-15T09:49:47 EDT" duration-ms="317" status="PASS">
          <reporter-output>
          </reporter-output>
        </test-method> <!-- tearDown -->
      </class> <!-- com.ondemand.commerce.temporarytests.TemporaryTests -->
    </test> <!-- TouchetteAutomation -->
  </suite> <!-- Default Suite -->
</testng-results>
